MPASM  5.51                   UYGULAMA-51.ASM   11-18-2018  22:23:24         PAGE  1


LOC  OBJECT CODE     LINE SOURCE TEXT
  VALUE

                      00001         LIST P=16F877A
                      00002         #INCLUDE <P16F877A.INC>
                      00001         LIST
                      00002 
                      00003 ;==========================================================================
                      00004 ;  MPASM PIC16F877A processor include
                      00005 ; 
                      00006 ;  (c) Copyright 1999-2013 Microchip Technology, All rights reserved
                      00007 ;==========================================================================
                      00008 
                      00566         LIST
Warning[207]: Found label after column 1. (SAYICI1)
  00000020            00003         SAYICI1 EQU 0X20
Warning[207]: Found label after column 1. (SAYICI2)
  00000021            00004         SAYICI2 EQU 0X21
0000                  00005         ORG 0X000
0000   281B           00006         GOTO ANA_METOT
0004                  00007         ORG 0X004
                      00008 
0004                  00009 KESME_METOT
0004   1F0C           00010         BTFSS PIR1,ADIF
0005   0009           00011         RETFIE
0006   130C           00012         BCF PIR1,ADIF
                      00013 
0007   1283 1303      00014         BANKSEL ADRESH
0009   081E           00015         MOVF ADRESH,W
000A   1283 1303      00016         BANKSEL PORTC
000C   0087           00017         MOVWF PORTC
                      00018 
000D   1683 1303      00019         BANKSEL ADRESL
Message[302]: Register in operand not in bank 0.  Ensure that bank bits are correct.
000F   081E           00020         MOVF ADRESL,W
0010   1283 1303      00021         BANKSEL PORTB
0012   0086           00022         MOVWF PORTB
                      00023 
                      00024 ;ADC_DONUSUM
0013   0806           00025         MOVF PORTB,W
0014   3C99           00026         SUBLW D'153'
0015   1D03           00027         BTFSS STATUS,Z
0016   2844           00028         GOTO LED_SONDUR
0017   2849           00029         GOTO LED_YAK
                      00030 
0018   151F           00031         BSF ADCON0,GO
0019   204F           00032         CALL GECIKME
                      00033 
                      00034 ;       BSF ADCON0,GO
                      00035 ;       CALL GECIKME
                      00036 
001A   0009           00037         RETFIE
                      00038 
001B                  00039 ANA_METOT
001B   1683 1303      00040         BANKSEL TRISB
Message[302]: Register in operand not in bank 0.  Ensure that bank bits are correct.
MPASM  5.51                   UYGULAMA-51.ASM   11-18-2018  22:23:24         PAGE  2


LOC  OBJECT CODE     LINE SOURCE TEXT
  VALUE

001D   0186           00041         CLRF TRISB
Message[302]: Register in operand not in bank 0.  Ensure that bank bits are correct.
001E   0187           00042         CLRF TRISC
001F   30FF           00043         MOVLW 0XFF
Message[302]: Register in operand not in bank 0.  Ensure that bank bits are correct.
0020   0088           00044         MOVWF TRISD
Message[302]: Register in operand not in bank 0.  Ensure that bank bits are correct.
0021   0089           00045         MOVWF TRISE
                      00046 
0022   3080           00047         MOVLW B'10000000'
Message[302]: Register in operand not in bank 0.  Ensure that bank bits are correct.
0023   009F           00048         MOVWF ADCON1
                      00049 
0024   1283 1303      00050         BANKSEL PORTB
0026   0186           00051         CLRF PORTB
0027   0187           00052         CLRF PORTC
0028   30FF           00053         MOVLW 0XFF
0029   0088           00054         MOVWF PORTD
002A   0089           00055         MOVWF PORTE
                      00056 
002B   1283 1303      00057         BANKSEL ADCON0
002D   30E9           00058         MOVLW B'11101001'
002E   009F           00059         MOVWF ADCON0
002F   204F           00060         CALL GECIKME
0030   1283 1303      00061         BANKSEL ADCON0
                      00062 
0032   1283 1303      00063         BANKSEL INTCON
0034   30C0           00064         MOVLW B'11000000'
0035   008B           00065         MOVWF INTCON
0036   1283 1303      00066         BANKSEL INTCON
                      00067 
0038   1683 1303      00068         BANKSEL PIE1
Message[302]: Register in operand not in bank 0.  Ensure that bank bits are correct.
003A   170C           00069         BSF PIE1,ADIE
003B   1683 1303      00070         BANKSEL PIE1
                      00071 
003D   1283 1303      00072         BANKSEL PIR1
003F   130C           00073         BCF PIR1,ADIF
0040   1283 1303      00074         BANKSEL PIR1    
                      00075 
0042                  00076 DONUSTURME_METOT
0042   151F           00077         BSF ADCON0,GO
0043   204F           00078         CALL GECIKME
                      00079 
0044                  00080 LED_SONDUR
0044   1188           00081         BCF PORTD,3
0045   204F           00082         CALL GECIKME
0046   151F           00083         BSF ADCON0,GO
0047   204F           00084         CALL GECIKME
0048   2804           00085         GOTO KESME_METOT
                      00086 
0049                  00087 LED_YAK
0049   1588           00088         BSF PORTD,3
MPASM  5.51                   UYGULAMA-51.ASM   11-18-2018  22:23:24         PAGE  3


LOC  OBJECT CODE     LINE SOURCE TEXT
  VALUE

004A   204F           00089         CALL GECIKME
004B   151F           00090         BSF ADCON0,GO
004C   204F           00091         CALL GECIKME
004D   2804           00092         GOTO KESME_METOT
                      00093 
004E                  00094 KONTROL
004E   284E           00095         GOTO KONTROL
                      00096 
004F                  00097 GECIKME
004F   30A0           00098         MOVLW 0XA0
0050   00A0           00099         MOVWF SAYICI1
                      00100 
0051                  00101 TEKRAR1
0051   30A0           00102         MOVLW 0XA0
0052   00A1           00103         MOVWF SAYICI2
                      00104 
0053                  00105 TEKRAR2
0053   0BA1           00106         DECFSZ SAYICI2,F
0054   2853           00107         GOTO TEKRAR2
0055   0BA0           00108         DECFSZ SAYICI1,F
0056   2851           00109         GOTO TEKRAR1
0057   0008           00110         RETURN
                      00111 
Warning[205]: Found directive in column 1. (END)
                      00112 END
MPASM  5.51                   UYGULAMA-51.ASM   11-18-2018  22:23:24         PAGE  4


SYMBOL TABLE
  LABEL                             VALUE 

ACKDT                             00000005
ACKEN                             00000004
ACKSTAT                           00000006
ADCON0                            0000001F
ADCON1                            0000009F
ADCS0                             00000006
ADCS1                             00000007
ADCS2                             00000006
ADDEN                             00000003
ADFM                              00000007
ADIE                              00000006
ADIF                              00000006
ADON                              00000000
ADRESH                            0000001E
ADRESL                            0000009E
ANA_METOT                         0000001B
BCLIE                             00000003
BCLIF                             00000003
BF                                00000000
BRGH                              00000002
C                                 00000000
C1INV                             00000004
C1OUT                             00000006
C2INV                             00000005
C2OUT                             00000007
CCP1CON                           00000017
CCP1IE                            00000002
CCP1IF                            00000002
CCP1M0                            00000000
CCP1M1                            00000001
CCP1M2                            00000002
CCP1M3                            00000003
CCP1X                             00000005
CCP1Y                             00000004
CCP2CON                           0000001D
CCP2IE                            00000000
CCP2IF                            00000000
CCP2M0                            00000000
CCP2M1                            00000001
CCP2M2                            00000002
CCP2M3                            00000003
CCP2X                             00000005
CCP2Y                             00000004
CCPR1                             00000015
CCPR1H                            00000016
CCPR1L                            00000015
CCPR2                             0000001B
CCPR2H                            0000001C
CCPR2L                            0000001B
CHS0                              00000003
CHS1                              00000004
CHS2                              00000005
CIS                               00000003
MPASM  5.51                   UYGULAMA-51.ASM   11-18-2018  22:23:24         PAGE  5


SYMBOL TABLE
  LABEL                             VALUE 

CKE                               00000006
CKP                               00000004
CM0                               00000000
CM1                               00000001
CM2                               00000002
CMCON                             0000009C
CMIE                              00000006
CMIF                              00000006
CREN                              00000004
CSRC                              00000007
CVR0                              00000000
CVR1                              00000001
CVR2                              00000002
CVR3                              00000003
CVRCON                            0000009D
CVREN                             00000007
CVROE                             00000006
CVRR                              00000005
D                                 00000005
DATA_ADDRESS                      00000005
DC                                00000001
DONUSTURME_METOT                  00000042
D_A                               00000005
D_NOT_A                           00000005
EEADR                             0000010D
EEADRH                            0000010F
EECON1                            0000018C
EECON2                            0000018D
EEDATA                            0000010C
EEDATH                            0000010E
EEIE                              00000004
EEIF                              00000004
EEPGD                             00000007
F                                 00000001
FERR                              00000002
FSR                               00000004
GCEN                              00000007
GECIKME                           0000004F
GIE                               00000007
GO                                00000002
GO_DONE                           00000002
GO_NOT_DONE                       00000002
I2C_DATA                          00000005
I2C_READ                          00000002
I2C_START                         00000003
I2C_STOP                          00000004
IBF                               00000007
IBOV                              00000005
INDF                              00000000
INTCON                            0000000B
INTE                              00000004
INTEDG                            00000006
INTF                              00000001
MPASM  5.51                   UYGULAMA-51.ASM   11-18-2018  22:23:24         PAGE  6


SYMBOL TABLE
  LABEL                             VALUE 

IRP                               00000007
KESME_METOT                       00000004
KONTROL                           0000004E
LED_SONDUR                        00000044
LED_YAK                           00000049
NOT_A                             00000005
NOT_ADDRESS                       00000005
NOT_BO                            00000000
NOT_BOR                           00000000
NOT_DONE                          00000002
NOT_PD                            00000003
NOT_POR                           00000001
NOT_RBPU                          00000007
NOT_RC8                           00000006
NOT_T1SYNC                        00000002
NOT_TO                            00000004
NOT_TX8                           00000006
NOT_W                             00000002
NOT_WRITE                         00000002
OBF                               00000006
OERR                              00000001
OPTION_REG                        00000081
P                                 00000004
PCFG0                             00000000
PCFG1                             00000001
PCFG2                             00000002
PCFG3                             00000003
PCL                               00000002
PCLATH                            0000000A
PCON                              0000008E
PEIE                              00000006
PEN                               00000002
PIE1                              0000008C
PIE2                              0000008D
PIR1                              0000000C
PIR2                              0000000D
PORTA                             00000005
PORTB                             00000006
PORTC                             00000007
PORTD                             00000008
PORTE                             00000009
PR2                               00000092
PS0                               00000000
PS1                               00000001
PS2                               00000002
PSA                               00000003
PSPIE                             00000007
PSPIF                             00000007
PSPMODE                           00000004
R                                 00000002
RA0                               00000000
RA1                               00000001
RA2                               00000002
MPASM  5.51                   UYGULAMA-51.ASM   11-18-2018  22:23:24         PAGE  7


SYMBOL TABLE
  LABEL                             VALUE 

RA3                               00000003
RA4                               00000004
RA5                               00000005
RB0                               00000000
RB1                               00000001
RB2                               00000002
RB3                               00000003
RB4                               00000004
RB5                               00000005
RB6                               00000006
RB7                               00000007
RBIE                              00000003
RBIF                              00000000
RC0                               00000000
RC1                               00000001
RC2                               00000002
RC3                               00000003
RC4                               00000004
RC5                               00000005
RC6                               00000006
RC7                               00000007
RC8_9                             00000006
RC9                               00000006
RCD8                              00000000
RCEN                              00000003
RCIE                              00000005
RCIF                              00000005
RCREG                             0000001A
RCSTA                             00000018
RD                                00000000
RD0                               00000000
RD1                               00000001
RD2                               00000002
RD3                               00000003
RD4                               00000004
RD5                               00000005
RD6                               00000006
RD7                               00000007
RE0                               00000000
RE1                               00000001
RE2                               00000002
READ_WRITE                        00000002
RP0                               00000005
RP1                               00000006
RSEN                              00000001
RX9                               00000006
RX9D                              00000000
R_NOT_W                           00000002
R_W                               00000002
S                                 00000003
SAYICI1                           00000020
SAYICI2                           00000021
SEN                               00000000
MPASM  5.51                   UYGULAMA-51.ASM   11-18-2018  22:23:24         PAGE  8


SYMBOL TABLE
  LABEL                             VALUE 

SMP                               00000007
SPBRG                             00000099
SPEN                              00000007
SREN                              00000005
SSPADD                            00000093
SSPBUF                            00000013
SSPCON                            00000014
SSPCON2                           00000091
SSPEN                             00000005
SSPIE                             00000003
SSPIF                             00000003
SSPM0                             00000000
SSPM1                             00000001
SSPM2                             00000002
SSPM3                             00000003
SSPOV                             00000006
SSPSTAT                           00000094
STATUS                            00000003
SYNC                              00000004
T0CS                              00000005
T0IE                              00000005
T0IF                              00000002
T0SE                              00000004
T1CKPS0                           00000004
T1CKPS1                           00000005
T1CON                             00000010
T1INSYNC                          00000002
T1OSCEN                           00000003
T1SYNC                            00000002
T2CKPS0                           00000000
T2CKPS1                           00000001
T2CON                             00000012
TEKRAR1                           00000051
TEKRAR2                           00000053
TMR0                              00000001
TMR0IE                            00000005
TMR0IF                            00000002
TMR1                              0000000E
TMR1CS                            00000001
TMR1H                             0000000F
TMR1IE                            00000000
TMR1IF                            00000000
TMR1L                             0000000E
TMR1ON                            00000000
TMR2                              00000011
TMR2IE                            00000001
TMR2IF                            00000001
TMR2ON                            00000002
TOUTPS0                           00000003
TOUTPS1                           00000004
TOUTPS2                           00000005
TOUTPS3                           00000006
TRISA                             00000085
MPASM  5.51                   UYGULAMA-51.ASM   11-18-2018  22:23:24         PAGE  9


SYMBOL TABLE
  LABEL                             VALUE 

TRISA0                            00000000
TRISA1                            00000001
TRISA2                            00000002
TRISA3                            00000003
TRISA4                            00000004
TRISA5                            00000005
TRISB                             00000086
TRISB0                            00000000
TRISB1                            00000001
TRISB2                            00000002
TRISB3                            00000003
TRISB4                            00000004
TRISB5                            00000005
TRISB6                            00000006
TRISB7                            00000007
TRISC                             00000087
TRISC0                            00000000
TRISC1                            00000001
TRISC2                            00000002
TRISC3                            00000003
TRISC4                            00000004
TRISC5                            00000005
TRISC6                            00000006
TRISC7                            00000007
TRISD                             00000088
TRISD0                            00000000
TRISD1                            00000001
TRISD2                            00000002
TRISD3                            00000003
TRISD4                            00000004
TRISD5                            00000005
TRISD6                            00000006
TRISD7                            00000007
TRISE                             00000089
TRISE0                            00000000
TRISE1                            00000001
TRISE2                            00000002
TRMT                              00000001
TX8_9                             00000006
TX9                               00000006
TX9D                              00000000
TXD8                              00000000
TXEN                              00000005
TXIE                              00000004
TXIF                              00000004
TXREG                             00000019
TXSTA                             00000098
UA                                00000001
W                                 00000000
WCOL                              00000007
WR                                00000001
WREN                              00000002
WRERR                             00000003
MPASM  5.51                   UYGULAMA-51.ASM   11-18-2018  22:23:24         PAGE 10


SYMBOL TABLE
  LABEL                             VALUE 

Z                                 00000002
_BODEN_OFF                        00003FBF
_BODEN_ON                         00003FFF
_BOREN_OFF                        00003FBF
_BOREN_ON                         00003FFF
_CONFIG                           00002007
_CPD_OFF                          00003FFF
_CPD_ON                           00003EFF
_CP_ALL                           00001FFF
_CP_OFF                           00003FFF
_CP_ON                            00001FFF
_DEBUG_OFF                        00003FFF
_DEBUG_ON                         000037FF
_DEVID1                           00002006
_FOSC_EXTRC                       00003FFF
_FOSC_HS                          00003FFE
_FOSC_LP                          00003FFC
_FOSC_XT                          00003FFD
_HS_OSC                           00003FFE
_IDLOC0                           00002000
_IDLOC1                           00002001
_IDLOC2                           00002002
_IDLOC3                           00002003
_LP_OSC                           00003FFC
_LVP_OFF                          00003F7F
_LVP_ON                           00003FFF
_PWRTE_OFF                        00003FFF
_PWRTE_ON                         00003FF7
_RC_OSC                           00003FFF
_WDTE_OFF                         00003FFB
_WDTE_ON                          00003FFF
_WDT_OFF                          00003FFB
_WDT_ON                           00003FFF
_WRT_1FOURTH                      00003BFF
_WRT_256                          00003DFF
_WRT_HALF                         000039FF
_WRT_OFF                          00003FFF
_XT_OSC                           00003FFD
__16F877A                         00000001
__DEBUG                           1


MEMORY USAGE MAP ('X' = Used,  '-' = Unused)

0000 : X---XXXXXXXXXXXX XXXXXXXXXXXXXXXX XXXXXXXXXXXXXXXX XXXXXXXXXXXXXXXX
0040 : XXXXXXXXXXXXXXXX XXXXXXXX-------- ---------------- ----------------

All other memory blocks unused.

Program Memory Words Used:    85
Program Memory Words Free:  8107

MPASM  5.51                   UYGULAMA-51.ASM   11-18-2018  22:23:24         PAGE 11






Errors   :     0
Warnings :     3 reported,     0 suppressed
Messages :     7 reported,     0 suppressed

